[0.602s] Invoking command in '/home/qureeb/ros2_humble_ws/src/my_package': PYTHONPATH=/home/qureeb/ros2_humble_ws/src/build/my_package/prefix_override:/usr/lib/python3/dist-packages/colcon_core/task/python/colcon_distutils_commands:/home/qureeb/ros2_humble_ws/src/install/my_package/lib/python3.10/site-packages:${PYTHONPATH} /usr/bin/python3 -W ignore:setup.py install is deprecated setup.py egg_info --egg-base ../build/my_package build --build-base /home/qureeb/ros2_humble_ws/src/build/my_package/build install --record /home/qureeb/ros2_humble_ws/src/build/my_package/install.log --single-version-externally-managed install_data
[0.800s] running egg_info
[0.800s] creating ../build/my_package/my_package.egg-info
[0.810s] writing ../build/my_package/my_package.egg-info/PKG-INFO
[0.810s] writing dependency_links to ../build/my_package/my_package.egg-info/dependency_links.txt
[0.810s] writing entry points to ../build/my_package/my_package.egg-info/entry_points.txt
[0.810s] writing requirements to ../build/my_package/my_package.egg-info/requires.txt
[0.810s] writing top-level names to ../build/my_package/my_package.egg-info/top_level.txt
[0.811s] writing manifest file '../build/my_package/my_package.egg-info/SOURCES.txt'
[0.832s] reading manifest file '../build/my_package/my_package.egg-info/SOURCES.txt'
[0.832s] adding license file 'LICENSE'
[0.832s] writing manifest file '../build/my_package/my_package.egg-info/SOURCES.txt'
[0.832s] running build
[0.833s] running build_py
[0.833s] creating /home/qureeb/ros2_humble_ws/src/build/my_package/build
[0.833s] creating /home/qureeb/ros2_humble_ws/src/build/my_package/build/lib
[0.833s] creating /home/qureeb/ros2_humble_ws/src/build/my_package/build/lib/my_package
[0.833s] copying my_package/__init__.py -> /home/qureeb/ros2_humble_ws/src/build/my_package/build/lib/my_package
[0.834s] copying my_package/my_node.py -> /home/qureeb/ros2_humble_ws/src/build/my_package/build/lib/my_package
[0.834s] running install
[0.845s] running install_lib
[0.856s] creating /home/qureeb/ros2_humble_ws/src/install/my_package/lib/python3.10/site-packages/my_package
[0.856s] copying /home/qureeb/ros2_humble_ws/src/build/my_package/build/lib/my_package/__init__.py -> /home/qureeb/ros2_humble_ws/src/install/my_package/lib/python3.10/site-packages/my_package
[0.856s] copying /home/qureeb/ros2_humble_ws/src/build/my_package/build/lib/my_package/my_node.py -> /home/qureeb/ros2_humble_ws/src/install/my_package/lib/python3.10/site-packages/my_package
[0.856s] byte-compiling /home/qureeb/ros2_humble_ws/src/install/my_package/lib/python3.10/site-packages/my_package/__init__.py to __init__.cpython-310.pyc
[0.856s] byte-compiling /home/qureeb/ros2_humble_ws/src/install/my_package/lib/python3.10/site-packages/my_package/my_node.py to my_node.cpython-310.pyc
[0.857s] running install_data
[0.857s] creating /home/qureeb/ros2_humble_ws/src/install/my_package/share/ament_index
[0.857s] creating /home/qureeb/ros2_humble_ws/src/install/my_package/share/ament_index/resource_index
[0.857s] creating /home/qureeb/ros2_humble_ws/src/install/my_package/share/ament_index/resource_index/packages
[0.857s] copying resource/my_package -> /home/qureeb/ros2_humble_ws/src/install/my_package/share/ament_index/resource_index/packages
[0.857s] copying package.xml -> /home/qureeb/ros2_humble_ws/src/install/my_package/share/my_package
[0.857s] running install_egg_info
[0.871s] Copying ../build/my_package/my_package.egg-info to /home/qureeb/ros2_humble_ws/src/install/my_package/lib/python3.10/site-packages/my_package-0.0.0-py3.10.egg-info
[0.871s] running install_scripts
[0.972s] Installing my_node script to /home/qureeb/ros2_humble_ws/src/install/my_package/lib/my_package
[0.973s] writing list of installed files to '/home/qureeb/ros2_humble_ws/src/build/my_package/install.log'
[0.999s] Invoked command in '/home/qureeb/ros2_humble_ws/src/my_package' returned '0': PYTHONPATH=/home/qureeb/ros2_humble_ws/src/build/my_package/prefix_override:/usr/lib/python3/dist-packages/colcon_core/task/python/colcon_distutils_commands:/home/qureeb/ros2_humble_ws/src/install/my_package/lib/python3.10/site-packages:${PYTHONPATH} /usr/bin/python3 -W ignore:setup.py install is deprecated setup.py egg_info --egg-base ../build/my_package build --build-base /home/qureeb/ros2_humble_ws/src/build/my_package/build install --record /home/qureeb/ros2_humble_ws/src/build/my_package/install.log --single-version-externally-managed install_data
